<?xml version="1.0" encoding="UTF-8"?>
<!-- Generated by org.testng.reporters.JUnitXMLReporter -->
<testsuite hostname="DESKTOP-3MHN21U" ignored="2" name="Test3" tests="2" failures="0" timestamp="28 Feb 2019 19:17:12 GMT" time="0.064" errors="0">
  <testcase name="test2" time="0.022" classname="demo.TestNgGroupsDemo"/>
  <testcase name="test3" time="0.002" classname="demo.TestNgGroupsDemo"/>
  <testcase name="test4" time="0.0" classname="demo.TestNgGroupsDemo">
    <ignored/>
  </testcase> <!-- test4 -->
  <testcase name="test1" time="0.0" classname="demo.TestNgGroupsDemo">
    <ignored/>
  </testcase> <!-- test1 -->
</testsuite> <!-- Test3 -->
